Created by PLY version 3.11 (http://www.dabeaz.com/ply)

Unused terminals:

    CLASS

Grammar

Rule 0     S' -> programa
Rule 1     programa -> START programa1 main END
Rule 2     main -> main_migaja1 MAIN LPAREN RPAREN bloque main_migaja2
Rule 3     main_migaja1 -> <empty>
Rule 4     main_migaja2 -> <empty>
Rule 5     programa1 -> programa2 programa1
Rule 6     programa1 -> empty
Rule 7     programa2 -> decfuncion
Rule 8     programa2 -> instruccion
Rule 9     programa2 -> clase
Rule 10    decfuncion -> FUNCTION decfuncion_migaja1 LPAREN parametro RPAREN decfuncion_migaja2 bloque
Rule 11    decfuncion_migaja1 -> tipoFuncion ID
Rule 12    decfuncion_migaja2 -> <empty>
Rule 13    tipoFuncion -> tipo
Rule 14    tipoFuncion -> VOID
Rule 15    parametro -> parametro_migaja1 parametros
Rule 16    parametro -> empty
Rule 17    parametro_migaja1 -> tipo decid
Rule 18    parametros -> COMA parametro_migaja1 parametros
Rule 19    parametros -> empty
Rule 20    decid -> decid_migaja1 decarreglo
Rule 21    decid_migaja1 -> ID
Rule 22    decarreglo -> decarreglo_migaja1 decarreglo_migaja2 dec_arreglo_migajadefinitiva_ultrasonica_sayayin
Rule 23    decarreglo -> empty
Rule 24    dec_arreglo_migajadefinitiva_ultrasonica_sayayin -> <empty>
Rule 25    decarreglo_migaja2 -> decarreglo_migaja3 LBRAQUET decarreglo_migaja4 RBRAQUET masdecarreglos
Rule 26    masdecarreglos -> decarreglo_migaja3 LBRAQUET decarreglo_migaja4 RBRAQUET masdecarreglos
Rule 27    masdecarreglos -> empty
Rule 28    decarreglo_migaja1 -> <empty>
Rule 29    decarreglo_migaja4 -> INTT
Rule 30    decarreglo_migaja3 -> decarreglo
Rule 31    bloqueclase -> LCORCHETE funcyvarrec RCORCHETE
Rule 32    funcyvarrec -> funcyvar funcyvarrec
Rule 33    funcyvarrec -> empty
Rule 34    funcyvar -> decfuncion
Rule 35    funcyvar -> decvariable
Rule 36    instruccion -> decvariable
Rule 37    instruccion -> condicion
Rule 38    instruccion -> asignacion_usofuncion
Rule 39    instruccion -> while
Rule 40    instruccion -> bloque
Rule 41    instruccion -> return
Rule 42    instruccion -> lectura
Rule 43    instruccion -> escritura
Rule 44    decvariable -> tipo ids PUNTOYCOMA
Rule 45    ids -> decid variosids
Rule 46    variosids -> COMA ids
Rule 47    variosids -> empty
Rule 48    condicion_migaja1 -> <empty>
Rule 49    condicion -> IF LPAREN expresion RPAREN condicion_migaja1 bloque bloqueelse
Rule 50    bloqueelse -> ELSE bloqueelse_migaja1 bloque
Rule 51    bloqueelse -> empty
Rule 52    bloqueelse_migaja1 -> <empty>
Rule 53    while_migaja1 -> <empty>
Rule 54    while_migaja2 -> <empty>
Rule 55    while -> WHILE while_migaja1 LPAREN expresion RPAREN while_migaja2 bloque
Rule 56    asignacion_usofuncion -> asignacion_usofuncion_migaja1 asiguso
Rule 57    asignacion_usofuncion_migaja1 -> ID
Rule 58    asiguso -> asignacion
Rule 59    asiguso -> usofuncion
Rule 60    asignacion -> asignacion_migaja1 IGUAL expresion PUNTOYCOMA
Rule 61    asignacion_migaja1 -> <empty>
Rule 62    usofuncion -> usofuncion_migaja1 LPAREN usofuncion_migaja2 RPAREN PUNTOYCOMA
Rule 63    usofuncion_migaja1 -> <empty>
Rule 64    usofuncion_migaja2 -> expresiones
Rule 65    expresiones -> expresion expresionesvarias
Rule 66    expresiones -> empty
Rule 67    expresionesvarias -> COMA expresion expresionesvarias
Rule 68    expresionesvarias -> empty
Rule 69    tipo -> INT
Rule 70    tipo -> FLOAT
Rule 71    tipo -> BOOL
Rule 72    tipo -> STRING
Rule 73    return -> RETURN expresion PUNTOYCOMA
Rule 74    bloque -> LCORCHETE instrucciones RCORCHETE
Rule 75    instrucciones -> instruccion instrucciones
Rule 76    instrucciones -> empty
Rule 77    escritura -> PRINT LPAREN expresion resultado RPAREN PUNTOYCOMA
Rule 78    resultado -> COMA expresion resultado
Rule 79    resultado -> empty
Rule 80    lectura -> READ LPAREN lecturaid RPAREN PUNTOYCOMA
Rule 81    lecturaid -> ID varids
Rule 82    varids -> arreglos
Rule 83    varids -> empty
Rule 84    arreglos -> LBRAQUET arreglos_migaja1 RBRAQUET masarreglos
Rule 85    arreglos_migaja1 -> expression
Rule 86    masarreglos -> masarreglos_migaja1 arreglos
Rule 87    masarreglos -> empty
Rule 88    masarreglos_migaja1 -> <empty>
Rule 89    expresion -> aritmetica expresion_migaja comparitmetica
Rule 90    expresion_migaja -> <empty>
Rule 91    comparitmetica -> comparadores aritmetica
Rule 92    comparitmetica -> empty
Rule 93    comparadores -> MAYORQUE
Rule 94    comparadores -> MENORQUE
Rule 95    comparadores -> DIFERENT IGUAL
Rule 96    comparadores -> IGUAL IGUAL
Rule 97    aritmetica -> termino aritmetica_migaja aritmetica2
Rule 98    aritmetica_migaja -> <empty>
Rule 99    aritmetica2 -> sumres aritmetica
Rule 100   aritmetica2 -> empty
Rule 101   sumres -> PLUS
Rule 102   sumres -> MINUS
Rule 103   termino -> factor termino_migaja ari
Rule 104   termino_migaja -> <empty>
Rule 105   ari -> multdiv termino
Rule 106   ari -> empty
Rule 107   multdiv -> TIMES
Rule 108   multdiv -> DIVIDE
Rule 109   factor -> LPAREN factor_migaja expresion RPAREN
Rule 110   factor -> posneg variable
Rule 111   factor_migaja -> <empty>
Rule 112   posneg -> sumres
Rule 113   posneg -> empty
Rule 114   variable -> usoid
Rule 115   variable -> intt
Rule 116   variable -> floatt
Rule 117   variable -> booll
Rule 118   variable -> stringg
Rule 119   intt -> INTT
Rule 120   floatt -> FLOATT
Rule 121   booll -> TRUE
Rule 122   booll -> FALSE
Rule 123   stringg -> STRINGG
Rule 124   usoid -> usoid_migaja1 arrfunc punto
Rule 125   usoid_migaja1 -> ID
Rule 126   punto -> PUNTO usoid
Rule 127   punto -> empty
Rule 128   arrfunc -> arreglos
Rule 129   arrfunc -> funciones
Rule 130   arrfunc -> empty
Rule 131   funciones -> usofuncion_migaja1 LPAREN usofuncion_migaja2 RPAREN
Rule 132   empty -> <empty>

Terminals, with rules where they appear

BOOL                 : 71
CLASS                : 
COMA                 : 18 46 67 78
DIFERENT             : 95
DIVIDE               : 108
ELSE                 : 50
END                  : 1
FALSE                : 122
FLOAT                : 70
FLOATT               : 120
FUNCTION             : 10
ID                   : 11 21 57 81 125
IF                   : 49
IGUAL                : 60 95 96 96
INT                  : 69
INTT                 : 29 119
LBRAQUET             : 25 26 84
LCORCHETE            : 31 74
LPAREN               : 2 10 49 55 62 77 80 109 131
MAIN                 : 2
MAYORQUE             : 93
MENORQUE             : 94
MINUS                : 102
PLUS                 : 101
PRINT                : 77
PUNTO                : 126
PUNTOYCOMA           : 44 60 62 73 77 80
RBRAQUET             : 25 26 84
RCORCHETE            : 31 74
READ                 : 80
RETURN               : 73
RPAREN               : 2 10 49 55 62 77 80 109 131
START                : 1
STRING               : 72
STRINGG              : 123
TIMES                : 107
TRUE                 : 121
VOID                 : 14
WHILE                : 55
error                : 

Nonterminals, with rules where they appear

ari                  : 103
aritmetica           : 89 91 99
aritmetica2          : 97
aritmetica_migaja    : 97
arreglos             : 82 86 128
arreglos_migaja1     : 84
arrfunc              : 124
asignacion           : 58
asignacion_migaja1   : 60
asignacion_usofuncion : 38
asignacion_usofuncion_migaja1 : 56
asiguso              : 56
bloque               : 2 10 40 49 50 55
bloqueclase          : 
bloqueelse           : 49
bloqueelse_migaja1   : 50
booll                : 117
clase                : 9
comparadores         : 91
comparitmetica       : 89
condicion            : 37
condicion_migaja1    : 49
dec_arreglo_migajadefinitiva_ultrasonica_sayayin : 22
decarreglo           : 20 30
decarreglo_migaja1   : 22
decarreglo_migaja2   : 22
decarreglo_migaja3   : 25 26
decarreglo_migaja4   : 25 26
decfuncion           : 7 34
decfuncion_migaja1   : 10
decfuncion_migaja2   : 10
decid                : 17 45
decid_migaja1        : 20
decvariable          : 35 36
empty                : 6 16 19 23 27 33 47 51 66 68 76 79 83 87 92 100 106 113 127 130
escritura            : 43
expresion            : 49 55 60 65 67 73 77 78 109
expresion_migaja     : 89
expresiones          : 64
expresionesvarias    : 65 67
expression           : 85
factor               : 103
factor_migaja        : 109
floatt               : 116
funciones            : 129
funcyvar             : 32
funcyvarrec          : 31 32
ids                  : 44 46
instruccion          : 8 75
instrucciones        : 74 75
intt                 : 115
lectura              : 42
lecturaid            : 80
main                 : 1
main_migaja1         : 2
main_migaja2         : 2
masarreglos          : 84
masarreglos_migaja1  : 86
masdecarreglos       : 25 26
multdiv              : 105
parametro            : 10
parametro_migaja1    : 15 18
parametros           : 15 18
posneg               : 110
programa             : 0
programa1            : 1 5
programa2            : 5
punto                : 124
resultado            : 77 78
return               : 41
stringg              : 118
sumres               : 99 112
termino              : 97 105
termino_migaja       : 103
tipo                 : 13 17 44
tipoFuncion          : 11
usofuncion           : 59
usofuncion_migaja1   : 62 131
usofuncion_migaja2   : 62 131
usoid                : 114 126
usoid_migaja1        : 124
variable             : 110
varids               : 81
variosids            : 45
while                : 39
while_migaja1        : 55
while_migaja2        : 55

